=~=~=~=~=~=~=~=~=~=~=~= PuTTY log 2016.06.08 07:16:50 =~=~=~=~=~=~=~=~=~=~=~=
Sec BattV ShuntmV Volt Amp Watt mAh Joule
0.10 12.22 9.39 12.21 18.78 229.28 0.52 22.93
0.20 12.20 9.39 12.19 18.80 229.12 1.04 45.84
0.30 12.17 9.41 12.16 18.82 229.12 1.57 68.73
0.40 12.17 9.43 12.16 18.86 229.28 2.09 91.67
0.50 12.15 9.43 12.14 18.84 228.96 2.61 114.55
0.60 12.14 9.44 12.13 18.92 229.52 3.14 137.50
0.70 10.68 24.48 10.65 48.96 521.52 4.50 189.65
0.80 10.61 24.75 10.59 49.50 524.16 5.87 242.06
0.90 10.52 25.21 10.50 50.42 529.28 7.28 294.98
1.00 10.47 25.39 10.45 50.78 530.56 8.69 348.04
1.10 10.57 24.29 10.55 48.26 509.60 10.03 398.94
1.20 10.54 24.37 10.51 48.82 511.60 11.38 450.26
1.30 10.38 25.78 10.35 51.42 532.32 12.81 503.49
1.40 10.34 25.89 10.31 51.78 534.00 14.25 556.89
1.50 10.33 25.82 10.31 51.64 532.32 15.68 610.12
1.60 10.29 26.09 10.27 52.18 535.84 17.13 663.70
1.70 10.28 26.09 10.25 52.18 534.88 18.58 717.19
1.80 10.27 26.05 10.25 52.10 533.84 20.03 770.58
1.90 10.27 26.01 10.24 52.04 532.96 21.48 823.87
2.00 10.26 25.98 10.23 51.96 531.52 22.92 877.04
2.10 10.32 25.34 10.30 50.40 519.28 24.32 928.93
2.20 10.30 25.37 10.27 50.78 521.44 25.73 981.09
2.30 10.22 26.01 10.19 52.02 529.84 27.17 1034.11
2.40 10.17 26.37 10.15 52.74 535.20 28.64 1087.63
2.50 10.21 25.83 10.19 51.66 526.24 30.07 1140.26
2.60 10.16 26.31 10.13 52.62 533.20 31.54 1193.58
2.70 10.15 26.27 10.12 52.54 531.92 33.00 1246.77
2.80 10.13 26.32 10.11 52.64 532.00 34.46 1299.98
2.90 10.12 26.23 10.10 52.60 531.12 35.92 1353.08
3.00 10.11 26.30 10.09 52.62 531.28 37.38 1406.16
3.10 10.12 26.24 10.10 52.46 529.28 38.84 1459.13
3.20 10.09 26.41 10.06 52.84 531.60 40.31 1512.28
3.30 10.07 26.46 10.04 52.92 532.16 41.78 1565.44
3.40 12.54 17.28 12.52 34.56 432.80 42.74 1608.72
3.50 12.16 9.07 12.15 18.14 220.32 43.24 1630.76
3.60 12.16 9.15 12.15 18.30 222.32 43.75 1652.99
3.70 12.13 9.18 12.12 18.36 222.56 44.26 1675.24
3.80 12.11 9.22 12.10 18.44 223.20 44.77 1697.56
3.90 12.09 9.27 12.08 18.54 224.00 45.28 1719.96
4.00 12.08 9.33 12.07 18.66 225.20 45.80 1742.48
4.10 12.07 9.36 12.06 17.82 229.52 46.30 1763.97
4.20 10.85 0.02 10.85 54.70 578.56 47.82 1823.33
4.30 10.42 27.34 10.39 54.78 568.56 49.34 1880.24
4.40 10.38 27.25 10.35 54.60 564.80 50.86 1936.76
4.50 10.32 27.57 10.29 55.14 567.84 52.39 1993.49
4.60 10.27 27.65 10.24 55.30 566.24 53.92 2050.12
4.70 10.30 27.08 10.28 54.16 556.56 55.43 2105.77
4.80 10.28 27.11 10.25 54.22 555.60 56.93 2161.34
4.90 10.21 27.52 10.18 55.04 560.48 58.46 2217.39
5.00 10.24 27.49 10.21 54.98 561.28 59.99 2273.51
5.10 10.23 26.99 10.21 54.02 551.44 61.49 2328.66
5.20 10.20 27.28 10.17 54.70 555.52 63.01 2384.30
5.30 10.19 27.25 10.16 54.62 554.32 64.53 2439.79
5.40 10.17 27.50 10.14 55.00 557.60 66.05 2495.56
5.50 10.11 27.70 10.08 55.40 558.40 67.59 2551.40
5.60 10.10 27.71 10.07 55.42 558.00 69.13 2607.20
5.70 10.08 27.71 10.06 55.42 557.36 70.67 2662.93
5.80 10.06 27.75 10.03 55.50 556.80 72.21 2718.61
5.90 10.05 27.82 10.02 55.62 557.36 73.76 2774.34
6.00 10.03 27.89 10.00 55.72 556.80 75.31 2830.06
6.10 10.01 27.99 9.98 56.00 559.20 76.86 2885.95
6.20 10.01 27.94 9.98 55.84 557.04 78.41 2941.68
6.30 9.99 28.10 9.96 56.20 559.68 79.97 2997.67
6.40 10.00 28.08 9.97 56.16 559.84 81.53 3053.65
6.50 10.01 27.71 9.98 55.42 553.28 83.07 3108.99
6.60 9.99 27.69 9.96 55.38 551.84 84.61 3164.17
6.70 9.97 27.73 9.94 55.46 551.60 86.15 3219.32
6.80 10.04 27.39 10.01 54.40 544.64 87.66 3273.78
6.90 10.00 27.46 9.97 54.98 547.20 89.19 3328.61
7.00 9.96 27.61 9.93 55.52 550.48 90.73 3383.73
7.10 9.92 35.90 9.89 71.14 701.12 92.71 3454.07
7.20 9.81 34.77 9.78 69.54 680.24 94.64 3522.05
7.30 9.72 35.17 9.68 70.34 681.20 96.60 3590.17
7.40 9.71 34.69 9.68 69.38 671.36 98.52 3657.30
7.50 9.54 36.22 9.51 72.44 688.80 100.53 3726.18
7.60 9.53 35.99 9.50 71.98 683.52 102.53 3794.53
7.70 9.55 35.30 9.51 70.68 672.24 104.50 3861.76
7.80 9.50 35.65 9.46 71.26 675.52 106.48 3929.20
7.90 9.43 36.28 9.40 72.54 682.80 108.49 3997.36
8.00 9.44 35.91 9.40 71.82 677.76 110.49 4064.90
8.10 9.43 35.78 9.39 71.56 672.16 112.47 4132.11
8.20 9.40 35.90 9.36 71.80 672.00 114.47 4199.31
8.30 9.37 36.02 9.33 72.04 672.24 116.47 4266.54
8.40 9.37 36.04 9.33 72.08 672.64 118.47 4333.81
8.50 9.33 36.19 9.29 72.42 672.40 120.48 4401.10
8.60 9.36 35.62 9.32 71.22 663.76 122.46 4467.50
8.70 9.36 35.41 9.32 70.80 660.08 124.43 4533.52
8.80 9.28 36.03 9.24 72.06 666.24 126.43 4600.13
8.90 9.34 35.22 9.31 70.44 655.60 128.39 4665.70
9.00 9.32 35.30 9.29 70.60 655.76 130.35 4731.27
9.10 9.30 35.32 9.27 70.64 654.72 132.31 4796.74
9.20 9.26 35.54 9.22 71.12 656.00 134.29 4862.34
9.30 9.25 35.71 9.22 71.26 656.40 136.27 4928.01
9.40 9.24 35.71 9.20 71.14 655.12 138.24 4993.49
9.50 9.16 36.09 9.13 72.18 661.12 140.25 5059.38
9.60 9.21 35.70 9.18 71.40 655.28 142.23 5124.89
9.70 9.23 35.26 9.20 70.52 648.56 144.19 5189.74
9.80 9.22 35.24 9.19 70.48 647.60 146.15 5254.50
9.90 9.21 35.33 9.18 70.66 648.40 148.11 5319.34
10.00 9.22 35.00 9.19 69.98 643.04 150.05 5383.64
10.10 9.11 36.14 9.07 72.28 655.76 152.06 5449.21
10.20 9.11 35.85 9.08 71.70 651.28 154.05 5514.28
10.30 9.15 35.41 9.12 70.82 645.84 156.02 5578.84
10.40 9.17 35.10 9.14 70.20 641.36 157.97 5642.98
10.50 9.13 35.10 9.09 70.20 638.32 159.92 5706.80
10.60 9.17 34.78 9.13 69.56 635.20 161.85 5770.32
10.70 9.11 35.22 9.08 70.44 639.36 163.81 5834.26
10.80 9.10 35.33 9.06 70.56 639.52 165.77 5898.21
10.90 9.54 36.21 9.50 72.42 687.76 167.78 5967.01
11.00 9.43 36.44 9.40 72.88 684.72 169.81 6035.49
11.10 9.38 36.45 9.34 72.90 680.96 171.83 6103.58
11.20 9.25 37.51 9.21 75.02 690.80 173.91 6172.65
11.30 9.21 37.62 9.17 75.22 690.00 176.00 6241.65
11.40 9.21 37.24 9.18 74.52 683.52 178.07 6310.03
11.50 9.27 36.31 9.23 72.30 668.08 180.08 6376.77
11.60 9.30 35.78 9.26 71.56 660.64 182.07 6443.07
11.70 9.17 36.81 9.14 73.62 672.56 184.11 6510.33
11.80 9.16 36.64 9.13 73.28 668.88 186.15 6577.22
11.90 9.17 36.37 9.13 72.74 664.32 188.17 6643.64
12.00 9.10 36.84 9.06 73.66 667.68 190.22 6710.41
12.10 9.10 36.64 9.06 73.22 664.00 192.25 6776.77
12.20 9.08 36.61 9.05 73.30 662.96 194.29 6843.10
12.30 9.08 36.56 9.04 73.12 660.88 196.32 6909.20
12.40 8.99 37.43 8.96 74.86 670.48 198.40 6976.24
12.50 8.95 37.60 8.91 75.20 670.16 200.49 7043.26
12.60 8.85 38.44 8.81 76.88 677.52 202.62 7111.01
12.70 8.74 39.29 8.70 78.58 683.92 204.80 7179.40
12.80 8.68 39.65 8.64 79.34 685.76 207.01 7247.98
12.90 8.74 39.05 8.70 78.18 680.16 209.18 7315.97
13.00 8.79 38.27 8.75 76.46 670.72 211.30 7382.89
13.10 8.86 37.37 8.82 74.74 657.36 213.38 7448.84
13.20 8.98 35.90 8.95 71.80 642.56 215.38 7513.08
13.30 12.16 9.78 12.15 19.58 237.92 215.92 7536.88
13.40 12.15 9.82 12.14 19.62 238.32 216.46 7560.70
13.50 12.13 9.87 12.12 19.74 239.44 217.01 7584.63
13.60 12.13 9.91 12.12 19.86 240.80 217.56 7608.71
13.70 12.14 9.99 12.13 19.98 242.08 218.12 7632.94
13.80 10.92 25.58 10.89 51.16 557.20 219.54 7688.66
13.90 10.82 26.30 10.80 52.60 567.92 221.00 7745.45
14.00 10.77 26.85 10.75 53.70 577.12 222.49 7803.17
14.10 10.65 27.03 10.62 54.28 576.48 224.00 7860.81
14.20 10.60 27.58 10.58 55.12 582.48 225.53 7919.11
14.30 10.56 27.85 10.53 55.76 585.92 227.08 7977.81
14.40 10.51 28.06 10.48 56.20 588.80 228.64 8036.73
14.50 10.45 28.46 10.42 56.90 593.60 230.22 8096.04
14.60 10.41 28.76 10.38 57.52 596.64 231.82 8155.75
14.70 10.40 28.48 10.38 56.96 592.08 233.40 8214.85
14.80 10.34 29.06 10.31 58.12 599.44 235.02 8274.78
14.90 10.30 29.49 10.27 58.98 605.84 236.66 8335.37
15.00 10.27 29.42 10.24 58.84 602.32 238.29 8395.60
15.10 10.23 29.66 10.20 59.32 605.04 239.94 8456.10
15.20 10.19 30.00 10.16 60.00 609.36 241.60 8517.04
15.30 10.15 30.32 10.12 60.64 613.92 243.29 8578.43
15.40 10.10 30.52 10.07 61.04 614.64 244.98 8639.89
15.50 10.09 30.47 10.06 61.08 614.24 246.68 8701.31
15.60 10.05 30.84 10.02 61.74 618.16 248.40 8763.20
15.70 10.01 31.19 9.98 62.38 622.64 250.13 8825.43
15.80 9.99 31.23 9.96 62.44 621.68 251.86 8887.62
15.90 9.96 31.33 9.93 62.70 622.48 253.60 8949.89
16.00 9.93 31.65 9.90 63.30 625.76 255.36 9012.56
16.10 9.91 31.60 9.88 63.20 625.60 257.12 9074.97
16.20 9.89 31.65 9.86 63.30 623.92 258.88 9137.36
16.30 9.84 32.17 9.81 64.34 631.12 260.66 9200.47
16.40 10.00 30.32 9.97 60.64 604.48 262.35 9260.91
16.50 10.19 28.01 10.16 56.02 569.12 263.90 9317.83
16.60 10.29 26.80 10.26 53.60 550.08 265.39 9372.84
16.70 10.35 25.99 10.32 51.98 536.64 266.84 9426.51
16.80 10.38 25.49 10.35 51.14 529.44 268.26 9479.45
16.90 10.40 25.46 10.37 50.62 525.44 269.66 9531.95
17.00 10.45 24.75 10.43 49.56 516.56 271.04 9583.63
17.10 10.52 23.81 10.50 47.54 499.76 272.36 9633.55
17.20 10.34 23.10 10.31 45.82 484.08 273.63 9680.80
17.30 10.65 22.72 10.63 45.44 480.16 274.90 9729.09
17.40 10.62 22.65 10.60 45.30 480.88 276.15 9777.09
17.50 10.64 22.35 10.62 44.70 474.48 277.40 9824.55
17.60 10.66 22.29 10.64 44.58 474.32 278.63 9871.98
17.70 10.63 22.42 10.61 44.84 475.76 279.88 9919.56
17.80 10.69 21.65 10.67 43.30 462.16 281.08 9965.77
17.90 10.73 21.33 10.71 42.66 456.96 282.27 10011.47
18.00 10.75 21.15 10.72 42.30 453.68 283.44 10056.83
18.10 10.79 20.57 10.77 41.12 442.88 284.59 10101.13
18.20 11.99 10.97 11.98 21.96 262.96 285.20 10127.44
18.30 11.98 11.02 11.97 22.04 263.44 285.81 10153.81
18.40 11.96 11.03 11.95 22.14 264.64 286.42 10180.28
18.50 11.94 11.13 11.93 22.26 265.44 287.04 10206.83
18.60 12.86 4.17 12.85 8.34 107.20 287.27 10217.55
18.70 11.99 10.40 11.98 20.84 249.60 287.85 10242.51
18.80 11.99 10.46 11.98 20.92 251.04 288.43 10267.57
18.90 11.97 10.53 11.96 21.06 251.92 289.02 10292.76
19.00 9.99 38.49 9.95 76.98 765.84 291.16 10369.34
19.10 9.99 37.09 9.95 74.08 737.28 293.21 10443.07
19.20 9.92 37.37 9.88 74.62 737.52 295.29 10516.82
19.30 9.89 37.05 9.86 74.00 729.28 297.34 10589.76
19.40 9.84 37.13 9.80 74.26 729.92 299.40 10662.56
19.50 9.82 36.88 9.79 73.76 721.92 301.45 10734.76
19.60 9.80 36.90 9.76 73.80 720.24 303.50 10806.79
19.70 9.79 36.77 9.75 73.54 717.20 305.55 10878.50
19.80 9.82 35.93 9.79 71.86 703.36 307.54 10948.84
19.90 9.81 35.86 9.78 71.74 701.36 309.54 11018.97
20.00 9.67 37.11 9.64 74.38 715.76 311.60 11090.64
20.10 9.65 37.07 9.62 74.14 712.64 313.66 11161.94
20.20 9.60 37.19 9.56 74.38 713.44 315.73 11233.04
20.30 9.64 36.89 9.60 73.78 708.32 317.78 11303.87
20.40 9.72 35.66 9.68 71.32 690.64 319.76 11372.94
20.50 9.68 35.84 9.64 71.68 691.28 321.75 11442.07
20.60 9.66 36.05 9.62 72.08 693.36 323.75 11511.41
20.70 9.64 35.97 9.60 71.92 689.60 325.75 11580.45
20.80 9.62 35.98 9.59 71.92 689.04 327.75 11649.41
20.90 9.57 36.35 9.53 72.70 694.80 329.77 11718.71
21.00 9.66 35.19 9.62 70.38 677.36 331.72 11786.44
21.10 9.52 36.41 9.48 72.82 690.40 333.74 11855.47
21.20 9.53 36.24 9.50 72.48 688.24 335.76 11924.30
21.30 9.28 39.00 9.24 78.00 720.80 337.92 11996.37
21.40 9.49 36.23 9.45 72.52 686.08 339.94 12064.92
21.50 9.65 34.48 9.61 68.16 657.36 341.83 12130.43
21.60 9.90 35.79 9.86 71.58 705.84 343.82 12201.01
21.70 9.91 34.64 9.87 69.20 683.12 345.74 12269.33
21.80 9.81 35.42 9.78 71.12 693.28 347.72 12338.85
21.90 9.62 36.98 9.58 74.12 710.00 349.78 12409.86
22.00 9.54 37.54 9.50 75.08 713.20 351.86 12481.19
22.10 9.60 36.50 9.56 73.00 697.84 353.89 12550.98
22.20 9.57 36.60 9.53 73.20 697.68 355.92 12620.75
22.30 9.52 36.87 9.49 73.74 699.68 357.97 12690.71
22.40 9.45 37.38 9.41 74.76 703.60 360.05 12761.08
22.50 9.48 36.71 9.44 73.38 692.96 362.09 12830.38
22.60 9.41 37.54 9.37 74.84 701.12 364.17 12900.49
22.70 9.27 38.56 9.23 77.58 714.32 366.32 12972.11
22.80 9.16 39.51 9.12 79.14 722.08 368.52 13044.32
22.90 9.16 39.55 9.12 79.10 721.44 370.72 13116.46
23.00 9.20 38.86 9.16 77.72 711.84 372.87 13187.65
23.10 9.33 37.03 9.29 74.06 688.16 374.93 13256.47
23.20 9.42 35.71 9.39 71.42 670.48 376.92 13323.51
23.30 9.47 35.39 9.43 70.40 664.00 378.87 13389.92
23.40 9.44 35.30 9.40 70.56 663.52 380.83 13456.27
23.50 9.52 33.94 9.49 67.96 648.32 382.72 13520.75
23.60 9.62 32.99 9.59 65.98 632.00 384.55 13584.01
23.70 9.60 33.14 9.57 66.28 634.16 386.39 13647.43
23.80 12.30 9.21 12.29 18.46 226.64 386.91 13670.11
23.90 12.25 9.25 12.24 18.50 227.68 387.42 13692.76
24.00 12.26 9.29 12.25 18.58 227.04 387.94 13715.53
24.10 12.23 9.31 12.22 18.62 227.44 388.45 13738.28
24.20 12.21 9.36 12.20 18.72 228.32 388.97 13761.11
24.30 12.20 9.42 12.19 18.84 229.68 389.50 13784.08
24.40 12.19 9.48 12.18 18.96 230.80 390.02 13807.17
24.50 10.90 24.70 10.87 49.40 537.12 391.40 13860.88
24.60 10.78 25.06 10.75 50.12 538.88 392.79 13914.77
24.70 10.76 25.16 10.73 50.32 540.00 394.19 13968.77
24.80 10.63 25.58 10.61 51.16 542.80 395.61 14023.04
24.90 10.61 25.49 10.58 50.98 539.60 397.02 14077.00
25.00 10.56 25.59 10.53 51.18 538.96 398.44 14130.90
25.10 10.54 25.73 10.51 51.46 540.96 399.87 14185.00
25.20 10.50 25.79 10.48 51.58 540.40 401.31 14239.03
25.30 10.47 25.89 10.44 51.78 540.80 402.74 14293.11
25.40 10.44 25.99 10.41 52.00 541.44 404.19 14347.25
25.50 10.43 26.08 10.40 52.14 542.24 405.64 14401.48
25.60 10.39 25.93 10.36 52.00 538.96 407.08 14455.37
25.70 10.35 26.17 10.32 52.32 540.96 408.54 14509.36
25.80 10.35 26.32 10.32 52.68 543.28 410.00 14563.73
25.90 10.31 26.34 10.29 52.66 542.00 411.46 14617.91
26.00 10.31 26.44 10.28 52.84 543.20 412.93 14672.25
26.10 10.28 26.43 10.26 52.88 542.16 414.40 14726.48
26.20 10.26 26.47 10.23 52.84 540.96 415.87 14780.55
26.30 10.24 26.53 10.21 53.06 541.84 417.34 14834.73
26.40 10.22 26.57 10.19 53.14 542.00 418.82 14888.89
26.50 10.21 26.61 10.18 53.22 541.76 420.29 14943.09
26.60 10.19 26.64 10.17 53.28 541.76 421.77 14997.27
26.70 10.16 26.76 10.14 53.52 542.48 423.26 15051.51
26.80 10.15 26.81 10.12 53.62 542.64 424.75 15105.78
26.90 10.14 26.80 10.11 53.60 542.00 426.24 15159.98
27.00 10.12 26.82 10.09 53.64 541.36 427.73 15214.11
27.10 10.10 26.85 10.08 53.70 541.04 429.22 15268.22
27.20 10.09 26.91 10.06 53.82 541.44 430.72 15322.36
27.30 10.07 26.80 10.05 53.60 538.56 432.20 15376.22
27.40 10.06 27.12 10.03 54.24 544.08 433.71 15430.63
27.50 10.04 27.08 10.01 54.16 542.00 435.22 15484.84
27.60 10.02 27.15 10.00 54.26 542.40 436.72 15539.07
27.70 10.01 27.15 9.98 54.30 542.16 438.23 15593.29
27.80 9.99 27.11 9.96 54.24 540.96 439.74 15647.33
27.90 9.99 27.17 9.96 54.36 541.44 441.25 15701.47
28.00 9.98 27.18 9.95 54.38 540.56 442.76 15755.57
28.10 9.96 27.28 9.93 54.52 541.44 444.27 15809.72
28.20 9.94 27.29 9.91 54.70 542.24 445.79 15863.94
28.30 9.93 27.34 9.90 54.68 541.36 447.31 15918.10
28.40 9.92 27.39 9.89 54.78 540.32 448.83 15972.28
28.50 9.94 27.26 9.91 54.52 540.40 450.35 16026.32
28.60 9.90 27.11 9.88 54.22 535.44 451.85 16079.87
28.70 12.18 9.41 12.17 18.82 229.12 452.38 16102.78
28.80 12.15 9.46 12.14 18.92 229.68 452.90 16125.75
28.90 12.14 9.52 12.13 19.04 230.96 453.43 16148.84
29.00 12.13 9.55 12.12 19.10 231.44 453.96 16171.98
29.10 12.11 9.59 12.10 19.18 232.00 454.49 16195.18
29.20 10.93 24.30 10.91 48.74 530.72 455.85 16248.35
29.30 10.79 24.31 10.76 48.82 525.12 457.20 16300.90
29.40 10.73 24.41 10.70 48.98 524.00 458.56 16353.33
29.50 10.68 24.52 10.66 49.02 522.32 459.93 16405.56
29.60 10.64 24.64 10.62 49.16 522.08 461.29 16457.77
29.70 10.59 24.85 10.56 49.70 525.12 462.67 16510.27
29.80 10.53 25.18 10.51 50.36 529.12 464.07 16563.19
29.90 10.48 25.59 10.46 51.18 535.20 465.49 16616.70
30.00 10.43 25.83 10.41 51.66 537.68 466.93 16670.47
30.10 10.43 25.61 10.40 51.22 532.96 468.35 16723.76
30.20 10.42 25.60 10.39 51.20 532.00 469.77 16776.97
30.30 10.39 25.58 10.37 51.16 530.48 471.19 16830.01
30.40 10.36 25.82 10.33 51.64 533.76 472.63 16883.36
30.50 10.34 25.70 10.32 51.40 531.12 474.06 16936.39
30.60 10.33 25.73 10.31 51.42 529.44 475.48 16989.39
30.70 10.30 25.80 10.28 51.66 531.12 476.92 17042.48
30.80 10.29 25.93 10.26 51.90 532.32 478.36 17095.73
30.90 10.27 26.05 10.24 52.14 533.84 479.81 17149.12
31.00 10.22 26.22 10.20 52.52 535.28 481.27 17202.67
31.10 10.19 26.35 10.17 52.76 536.48 482.73 17256.31
31.20 10.19 26.33 10.16 52.60 534.40 484.20 17309.75
31.30 10.18 26.27 10.15 52.54 533.36 485.65 17363.09
31.40 10.16 26.42 10.14 52.84 535.60 487.12 17416.65
31.50 10.13 26.38 10.11 52.76 533.36 488.59 17469.98
31.60 10.12 26.47 10.10 52.94 534.56 490.06 17523.43
31.70 10.11 26.39 10.09 52.78 532.40 491.52 17576.67
31.80 10.10 26.45 10.07 52.90 532.80 492.99 17629.95
31.90 10.08 26.52 10.05 53.04 533.20 494.47 17683.27
32.00 10.07 26.57 10.04 53.14 534.56 495.94 17736.62
32.10 10.09 26.42 10.06 52.84 533.04 497.41 17789.78
32.20 10.04 26.73 10.02 53.48 535.44 498.90 17843.35
32.30 10.00 26.82 9.97 53.64 534.64 500.39 17896.84
32.40 9.99 26.98 9.97 54.02 538.48 501.89 17950.68
32.50 9.99 26.71 9.96 53.50 532.72 503.37 18003.97
32.60 9.96 26.82 9.94 53.78 534.80 504.87 18057.41
32.70 9.95 26.96 9.93 53.80 534.56 506.36 18110.82
32.80 9.95 26.80 9.92 53.60 531.92 507.85 18164.01
32.90 9.93 26.97 9.90 53.92 533.84 509.35 18217.39
33.00 9.91 27.01 9.88 54.12 534.88 510.85 18270.88
33.10 9.90 27.08 9.87 54.16 534.64 512.36 18324.35
33.20 9.88 27.08 9.86 54.16 533.84 513.86 18377.73
33.30 9.88 27.16 9.85 54.32 534.88 515.37 18431.23
33.40 12.76 0.03 12.76 4.22 49.92 515.49 18436.61
33.50 11.73 10.98 11.72 21.92 256.80 516.10 18462.30
33.60 11.70 11.02 11.69 22.06 257.68 516.71 18488.09
33.70 11.68 11.10 11.67 22.20 259.04 517.33 18514.00
33.80 11.66 11.15 11.65 22.32 260.08 517.95 18539.99
